2013.14.07 02:14:58  query listRuang
2013.14.07 02:14:58  listRuang size = 70
2013.14.07 02:14:59  query listKurikulum
2013.14.07 02:14:59  listKurikulum size = 11
2013.14.07 02:14:59  query listDosen
2013.14.07 02:14:59  listDosen size = 2
2013.14.07 02:14:59  susun domain
2013.14.07 02:14:59  0
2013.14.07 02:14:59  1
2013.14.07 02:14:59  2
2013.14.07 02:14:59  0
2013.14.07 02:14:59  1
2013.14.07 02:14:59  2
2013.14.07 02:14:59  3
2013.14.07 02:14:59  4
2013.14.07 02:14:59  0
2013.14.07 02:14:59  1
2013.14.07 02:14:59  2
2013.14.07 02:14:59  3
2013.14.07 02:14:59  INSERT INTO `jadwal` (`periode_id`, `mata_kuliah_id`, `dosen_id`, `ruang_kelas_id`, `hari_id`, `jam_mulai`, `jam_selesai`) VALUES (46, 1, 1, 10, 1, 10, 13);
2013.14.07 02:14:59  INSERT INTO `jadwal` (`periode_id`, `mata_kuliah_id`, `dosen_id`, `ruang_kelas_id`, `hari_id`, `jam_mulai`, `jam_selesai`) VALUES (46, 1, 1, 10, 1, 13, 16);
2013.14.07 02:14:59  INSERT INTO `jadwal` (`periode_id`, `mata_kuliah_id`, `dosen_id`, `ruang_kelas_id`, `hari_id`, `jam_mulai`, `jam_selesai`) VALUES (46, 5, 5, 67, 2, 13, 16);
2013.15.07 02:15:00  INSERT INTO `jadwal` (`periode_id`, `mata_kuliah_id`, `dosen_id`, `ruang_kelas_id`, `hari_id`, `jam_mulai`, `jam_selesai`) VALUES (46, 5, 5, 29, 2, 10, 13);
2013.15.07 02:15:00  INSERT INTO `jadwal_fail` (`periode_id`, `mata_kuliah_id`, `sks`, `praktek`) VALUES (46, 1, 3, 0);
2013.15.07 02:15:00  INSERT INTO `jadwal_fail` (`periode_id`, `mata_kuliah_id`, `sks`, `praktek`) VALUES (46, 1, 3, 0);
2013.15.07 02:15:00  INSERT INTO `jadwal_fail` (`periode_id`, `mata_kuliah_id`, `sks`, `praktek`) VALUES (46, 1, 3, 0);
2013.15.07 02:15:00  INSERT INTO `jadwal_fail` (`periode_id`, `mata_kuliah_id`, `sks`, `praktek`) VALUES (46, 1, 3, 0);
2013.15.07 02:15:01  INSERT INTO `jadwal_fail` (`periode_id`, `mata_kuliah_id`, `sks`, `praktek`) VALUES (46, 5, 3, 0);
2013.15.07 02:15:01  INSERT INTO `jadwal_fail` (`periode_id`, `mata_kuliah_id`, `sks`, `praktek`) VALUES (46, 5, 3, 0);
2013.15.07 02:15:01  INSERT INTO `jadwal_fail` (`periode_id`, `mata_kuliah_id`, `sks`, `praktek`) VALUES (46, 5, 3, 0);
2013.15.07 02:15:01  listKurikulum.size() = 4
2013.15.07 02:15:01  listSolved.size() = 4
2013.15.07 02:15:01  listUnSolved.size() = 7
2013.15.07 02:15:01  execution time = 2.349126363 s
2013.15.07 02:15:01  INSERT INTO `log` (`variable_size`, `execute_time`, `min_domain`, `max_domain`, `solved`, `unsolved`, `n_backtracking`) VALUES (4, 2.349552442, 32, 343, 4, 7, 46);
2013.52.07 03:52:32  query listRuang
2013.52.07 03:52:32  listRuang size = 70
2013.52.07 03:52:32  query listKurikulum
2013.52.07 03:52:32  listKurikulum size = 11
2013.52.07 03:52:32  query listDosen
2013.52.07 03:52:32  listDosen size = 2
2013.52.07 03:52:32  susun domain
2013.52.07 03:52:32  0
2013.52.07 03:52:32  1
2013.52.07 03:52:32  2
2013.52.07 03:52:32  0
2013.52.07 03:52:32  1
2013.52.07 03:52:32  2
2013.52.07 03:52:32  3
2013.52.07 03:52:32  4
2013.52.07 03:52:32  0
2013.52.07 03:52:32  1
2013.52.07 03:52:32  2
2013.52.07 03:52:32  3
2013.52.07 03:52:32  INSERT INTO `jadwal` (`periode_id`, `mata_kuliah_id`, `dosen_id`, `ruang_kelas_id`, `hari_id`, `jam_mulai`, `jam_selesai`) VALUES (46, 1, 1, 8, 1, 9, 12);
2013.52.07 03:52:32  INSERT INTO `jadwal` (`periode_id`, `mata_kuliah_id`, `dosen_id`, `ruang_kelas_id`, `hari_id`, `jam_mulai`, `jam_selesai`) VALUES (46, 1, 1, 8, 1, 14, 17);
2013.52.07 03:52:33  INSERT INTO `jadwal` (`periode_id`, `mata_kuliah_id`, `dosen_id`, `ruang_kelas_id`, `hari_id`, `jam_mulai`, `jam_selesai`) VALUES (46, 5, 5, 15, 2, 11, 14);
2013.52.07 03:52:33  INSERT INTO `jadwal` (`periode_id`, `mata_kuliah_id`, `dosen_id`, `ruang_kelas_id`, `hari_id`, `jam_mulai`, `jam_selesai`) VALUES (46, 5, 5, 19, 2, 15, 18);
2013.52.07 03:52:33  INSERT INTO `jadwal_fail` (`periode_id`, `mata_kuliah_id`, `sks`, `praktek`) VALUES (46, 1, 3, 0);
2013.52.07 03:52:33  INSERT INTO `jadwal_fail` (`periode_id`, `mata_kuliah_id`, `sks`, `praktek`) VALUES (46, 1, 3, 0);
2013.52.07 03:52:33  INSERT INTO `jadwal_fail` (`periode_id`, `mata_kuliah_id`, `sks`, `praktek`) VALUES (46, 1, 3, 0);
2013.52.07 03:52:33  INSERT INTO `jadwal_fail` (`periode_id`, `mata_kuliah_id`, `sks`, `praktek`) VALUES (46, 1, 3, 0);
2013.52.07 03:52:33  INSERT INTO `jadwal_fail` (`periode_id`, `mata_kuliah_id`, `sks`, `praktek`) VALUES (46, 5, 3, 0);
2013.52.07 03:52:33  INSERT INTO `jadwal_fail` (`periode_id`, `mata_kuliah_id`, `sks`, `praktek`) VALUES (46, 5, 3, 0);
2013.52.07 03:52:33  INSERT INTO `jadwal_fail` (`periode_id`, `mata_kuliah_id`, `sks`, `praktek`) VALUES (46, 5, 3, 0);
2013.52.07 03:52:33  listKurikulum.size() = 4
2013.52.07 03:52:33  listSolved.size() = 4
2013.52.07 03:52:33  listUnSolved.size() = 7
2013.52.07 03:52:33  execution time = 1.419571854 s
2013.52.07 03:52:33  INSERT INTO `log` (`variable_size`, `execute_time`, `min_domain`, `max_domain`, `solved`, `unsolved`, `n_backtracking`) VALUES (4, 1.41991058, 32, 343, 4, 7, 58);
